<?xml version="1.0" encoding="UTF-8"?>
<testng-results ignored="0" total="2" passed="2" failed="0" skipped="0">
  <reporter-output>
  </reporter-output>
  <suite started-at="2025-09-18T22:12:39 WIB" name="eCommerce Suite Test" finished-at="2025-09-18T22:14:31 WIB" duration-ms="112676">
    <groups>
    </groups>
    <test started-at="2025-09-18T22:12:39 WIB" name="Authentication Test" finished-at="2025-09-18T22:14:31 WIB" duration-ms="112676">
      <class name="com.juaracoding.ecommerce.authentications.SignInNegativeTest">
        <test-method signature="withEmptyPasswordTest()[pri:0, instance:com.juaracoding.ecommerce.authentications.SignInNegativeTest@1139b2f3]" started-at="2025-09-18T22:12:39 WIB" name="withEmptyPasswordTest" finished-at="2025-09-18T22:14:24 WIB" duration-ms="105017" status="PASS">
          <reporter-output>
          </reporter-output>
        </test-method> <!-- withEmptyPasswordTest -->
        <test-method signature="withoutCredentialsTest()[pri:0, instance:com.juaracoding.ecommerce.authentications.SignInNegativeTest@1139b2f3]" started-at="2025-09-18T22:14:24 WIB" name="withoutCredentialsTest" finished-at="2025-09-18T22:14:31 WIB" duration-ms="7588" status="PASS">
          <reporter-output>
          </reporter-output>
        </test-method> <!-- withoutCredentialsTest -->
      </class> <!-- com.juaracoding.ecommerce.authentications.SignInNegativeTest -->
    </test> <!-- Authentication Test -->
  </suite> <!-- eCommerce Suite Test -->
</testng-results>
