<?xml version="1.0" encoding="UTF-8"?>
<testng-results ignored="0" total="4" passed="4" failed="0" skipped="0">
  <reporter-output>
  </reporter-output>
  <suite started-at="2025-09-19T21:35:57 WIB" name="eCommerce Suite Test" finished-at="2025-09-19T21:36:33 WIB" duration-ms="35713">
    <groups>
    </groups>
    <test started-at="2025-09-19T21:35:57 WIB" name="Common Test" finished-at="2025-09-19T21:36:33 WIB" duration-ms="35713">
      <class name="com.juaracoding.ecommerce.commons.RadioCheckboxTest">
        <test-method is-config="true" signature="beforeMethod()[pri:0, instance:com.juaracoding.ecommerce.commons.RadioCheckboxTest@4f209819]" started-at="2025-09-19T21:35:57 WIB" name="beforeMethod" finished-at="2025-09-19T21:36:08 WIB" duration-ms="10861" status="PASS">
          <reporter-output>
          </reporter-output>
        </test-method> <!-- beforeMethod -->
        <test-method signature="checkBoxTest()[pri:0, instance:com.juaracoding.ecommerce.commons.RadioCheckboxTest@4f209819]" started-at="2025-09-19T21:36:08 WIB" name="checkBoxTest" finished-at="2025-09-19T21:36:08 WIB" duration-ms="181" status="PASS">
          <reporter-output>
          </reporter-output>
        </test-method> <!-- checkBoxTest -->
        <test-method is-config="true" signature="afterMethod()[pri:0, instance:com.juaracoding.ecommerce.commons.RadioCheckboxTest@4f209819]" started-at="2025-09-19T21:36:08 WIB" name="afterMethod" finished-at="2025-09-19T21:36:09 WIB" duration-ms="361" status="PASS">
          <reporter-output>
          </reporter-output>
        </test-method> <!-- afterMethod -->
        <test-method is-config="true" signature="beforeMethod()[pri:0, instance:com.juaracoding.ecommerce.commons.RadioCheckboxTest@4f209819]" started-at="2025-09-19T21:36:09 WIB" name="beforeMethod" finished-at="2025-09-19T21:36:14 WIB" duration-ms="5852" status="PASS">
          <reporter-output>
          </reporter-output>
        </test-method> <!-- beforeMethod -->
        <test-method signature="checkBoxsTest()[pri:0, instance:com.juaracoding.ecommerce.commons.RadioCheckboxTest@4f209819]" started-at="2025-09-19T21:36:14 WIB" name="checkBoxsTest" finished-at="2025-09-19T21:36:15 WIB" duration-ms="597" status="PASS">
          <reporter-output>
          </reporter-output>
        </test-method> <!-- checkBoxsTest -->
        <test-method is-config="true" signature="afterMethod()[pri:0, instance:com.juaracoding.ecommerce.commons.RadioCheckboxTest@4f209819]" started-at="2025-09-19T21:36:15 WIB" name="afterMethod" finished-at="2025-09-19T21:36:16 WIB" duration-ms="564" status="PASS">
          <reporter-output>
          </reporter-output>
        </test-method> <!-- afterMethod -->
        <test-method is-config="true" signature="beforeMethod()[pri:0, instance:com.juaracoding.ecommerce.commons.RadioCheckboxTest@4f209819]" started-at="2025-09-19T21:36:16 WIB" name="beforeMethod" finished-at="2025-09-19T21:36:23 WIB" duration-ms="7601" status="PASS">
          <reporter-output>
          </reporter-output>
        </test-method> <!-- beforeMethod -->
        <test-method signature="radioButtonTest()[pri:0, instance:com.juaracoding.ecommerce.commons.RadioCheckboxTest@4f209819]" started-at="2025-09-19T21:36:23 WIB" name="radioButtonTest" finished-at="2025-09-19T21:36:23 WIB" duration-ms="105" status="PASS">
          <reporter-output>
          </reporter-output>
        </test-method> <!-- radioButtonTest -->
        <test-method is-config="true" signature="afterMethod()[pri:0, instance:com.juaracoding.ecommerce.commons.RadioCheckboxTest@4f209819]" started-at="2025-09-19T21:36:23 WIB" name="afterMethod" finished-at="2025-09-19T21:36:24 WIB" duration-ms="309" status="PASS">
          <reporter-output>
          </reporter-output>
        </test-method> <!-- afterMethod -->
        <test-method is-config="true" signature="beforeMethod()[pri:0, instance:com.juaracoding.ecommerce.commons.RadioCheckboxTest@4f209819]" started-at="2025-09-19T21:36:24 WIB" name="beforeMethod" finished-at="2025-09-19T21:36:32 WIB" duration-ms="8334" status="PASS">
          <reporter-output>
          </reporter-output>
        </test-method> <!-- beforeMethod -->
        <test-method signature="radioButtonsTest()[pri:0, instance:com.juaracoding.ecommerce.commons.RadioCheckboxTest@4f209819]" started-at="2025-09-19T21:36:32 WIB" name="radioButtonsTest" finished-at="2025-09-19T21:36:32 WIB" duration-ms="422" status="PASS">
          <reporter-output>
          </reporter-output>
        </test-method> <!-- radioButtonsTest -->
        <test-method is-config="true" signature="afterMethod()[pri:0, instance:com.juaracoding.ecommerce.commons.RadioCheckboxTest@4f209819]" started-at="2025-09-19T21:36:32 WIB" name="afterMethod" finished-at="2025-09-19T21:36:33 WIB" duration-ms="463" status="PASS">
          <reporter-output>
          </reporter-output>
        </test-method> <!-- afterMethod -->
      </class> <!-- com.juaracoding.ecommerce.commons.RadioCheckboxTest -->
    </test> <!-- Common Test -->
  </suite> <!-- eCommerce Suite Test -->
</testng-results>
