<?xml version="1.0" encoding="UTF-8"?>
<!-- Generated by org.testng.reporters.JUnitXMLReporter -->
<testsuite ignored="1" hostname="DESKTOP-UKNGCC3" failures="0" tests="2" name="Authentication Test" time="112.676" errors="0" timestamp="2025-09-18T22:14:31 WIB">
  <testcase classname="com.juaracoding.ecommerce.authentications.SignInNegativeTest" name="withEmptyPasswordTest" time="105.017"/>
  <testcase classname="com.juaracoding.ecommerce.authentications.SignInNegativeTest" name="withoutCredentialsTest" time="7.588"/>
  <testcase classname="com.juaracoding.ecommerce.authentications.SignInNegativeTest" name="withEmptyUsernameTest" time="0.0">
    <ignored/>
  </testcase> <!-- withEmptyUsernameTest -->
</testsuite> <!-- Authentication Test -->
