<?xml version="1.0" encoding="UTF-8"?>
<!-- Generated by org.testng.reporters.JUnitXMLReporter -->
<testsuite ignored="0" hostname="DESKTOP-UKNGCC3" failures="0" tests="4" name="Common Test" time="35.713" errors="0" timestamp="2025-09-19T21:36:33 WIB">
  <testcase classname="com.juaracoding.ecommerce.commons.RadioCheckboxTest" name="checkBoxTest" time="0.181"/>
  <testcase classname="com.juaracoding.ecommerce.commons.RadioCheckboxTest" name="checkBoxsTest" time="0.597"/>
  <testcase classname="com.juaracoding.ecommerce.commons.RadioCheckboxTest" name="radioButtonTest" time="0.105"/>
  <testcase classname="com.juaracoding.ecommerce.commons.RadioCheckboxTest" name="radioButtonsTest" time="0.422"/>
</testsuite> <!-- Common Test -->
